{
  "RSpec": {
    "coverage": {
      "/Users/jamescondon/Projects/week10/bank-tech-test/spec/transaction_spec.rb": {
        "lines": [
          1,
          null,
          1,
          null,
          3,
          null,
          1,
          1,
          1,
          null,
          null,
          null,
          1,
          1,
          4,
          null,
          null,
          null
        ]
      },
      "/Users/jamescondon/Projects/week10/bank-tech-test/lib/transaction.rb": {
        "lines": [
          1,
          1,
          null,
          1,
          2,
          null,
          null,
          1,
          1,
          null,
          null
        ]
      }
    },
    "timestamp": 1630456904
  }
}
